<?xml version="1.0" encoding="UTF-8"?>
<testsuites>
  <testsuite name="fastlane.lanes">
    
    
    
      
      <testcase classname="fastlane.lanes" name="0: Verifying fastlane version" time="0.000359">
        
      </testcase>
    
      
      <testcase classname="fastlane.lanes" name="1: default_platform" time="0.000169">
        
      </testcase>
    
      
      <testcase classname="fastlane.lanes" name="2: increment_android_version_code" time="0.003156">
        
      </testcase>
    
      
      <testcase classname="fastlane.lanes" name="3: increment_android_version_name" time="0.000907">
        
      </testcase>
    
      
      <testcase classname="fastlane.lanes" name="4: clean" time="18.127448">
        
      </testcase>
    
      
      <testcase classname="fastlane.lanes" name="5: assembleRelease" time="37.578874">
        
          <failure message="/Users/javiercastro/.rbenv/versions/2.7.4/lib/ruby/gems/2.7.0/gems/fastlane-2.209.1/fastlane/lib/fastlane/actions/actions_helper.rb:67:in `execute_action'&#10;/Users/javiercastro/.rbenv/versions/2.7.4/lib/ruby/gems/2.7.0/gems/fastlane-2.209.1/fastlane/lib/fastlane/runner.rb:255:in `block in execute_action'&#10;/Users/javiercastro/.rbenv/versions/2.7.4/lib/ruby/gems/2.7.0/gems/fastlane-2.209.1/fastlane/lib/fastlane/runner.rb:229:in `chdir'&#10;/Users/javiercastro/.rbenv/versions/2.7.4/lib/ruby/gems/2.7.0/gems/fastlane-2.209.1/fastlane/lib/fastlane/runner.rb:229:in `execute_action'&#10;/Users/javiercastro/.rbenv/versions/2.7.4/lib/ruby/gems/2.7.0/gems/fastlane-2.209.1/fastlane/lib/fastlane/runner.rb:157:in `trigger_action_by_name'&#10;/Users/javiercastro/.rbenv/versions/2.7.4/lib/ruby/gems/2.7.0/gems/fastlane-2.209.1/fastlane/lib/fastlane/fast_file.rb:159:in `method_missing'&#10;Fastfile:54:in `block (2 levels) in parsing_binding'&#10;/Users/javiercastro/.rbenv/versions/2.7.4/lib/ruby/gems/2.7.0/gems/fastlane-2.209.1/fastlane/lib/fastlane/lane.rb:33:in `call'&#10;/Users/javiercastro/.rbenv/versions/2.7.4/lib/ruby/gems/2.7.0/gems/fastlane-2.209.1/fastlane/lib/fastlane/runner.rb:49:in `block in execute'&#10;/Users/javiercastro/.rbenv/versions/2.7.4/lib/ruby/gems/2.7.0/gems/fastlane-2.209.1/fastlane/lib/fastlane/runner.rb:45:in `chdir'&#10;/Users/javiercastro/.rbenv/versions/2.7.4/lib/ruby/gems/2.7.0/gems/fastlane-2.209.1/fastlane/lib/fastlane/runner.rb:45:in `execute'&#10;/Users/javiercastro/.rbenv/versions/2.7.4/lib/ruby/gems/2.7.0/gems/fastlane-2.209.1/fastlane/lib/fastlane/lane_manager.rb:47:in `cruise_lane'&#10;/Users/javiercastro/.rbenv/versions/2.7.4/lib/ruby/gems/2.7.0/gems/fastlane-2.209.1/fastlane/lib/fastlane/command_line_handler.rb:36:in `handle'&#10;/Users/javiercastro/.rbenv/versions/2.7.4/lib/ruby/gems/2.7.0/gems/fastlane-2.209.1/fastlane/lib/fastlane/commands_generator.rb:110:in `block (2 levels) in run'&#10;/Users/javiercastro/.rbenv/versions/2.7.4/lib/ruby/gems/2.7.0/gems/commander-4.6.0/lib/commander/command.rb:187:in `call'&#10;/Users/javiercastro/.rbenv/versions/2.7.4/lib/ruby/gems/2.7.0/gems/commander-4.6.0/lib/commander/command.rb:157:in `run'&#10;/Users/javiercastro/.rbenv/versions/2.7.4/lib/ruby/gems/2.7.0/gems/commander-4.6.0/lib/commander/runner.rb:444:in `run_active_command'&#10;/Users/javiercastro/.rbenv/versions/2.7.4/lib/ruby/gems/2.7.0/gems/fastlane-2.209.1/fastlane_core/lib/fastlane_core/ui/fastlane_runner.rb:124:in `run!'&#10;/Users/javiercastro/.rbenv/versions/2.7.4/lib/ruby/gems/2.7.0/gems/commander-4.6.0/lib/commander/delegates.rb:18:in `run!'&#10;/Users/javiercastro/.rbenv/versions/2.7.4/lib/ruby/gems/2.7.0/gems/fastlane-2.209.1/fastlane/lib/fastlane/commands_generator.rb:354:in `run'&#10;/Users/javiercastro/.rbenv/versions/2.7.4/lib/ruby/gems/2.7.0/gems/fastlane-2.209.1/fastlane/lib/fastlane/commands_generator.rb:43:in `start'&#10;/Users/javiercastro/.rbenv/versions/2.7.4/lib/ruby/gems/2.7.0/gems/fastlane-2.209.1/fastlane/lib/fastlane/cli_tools_distributor.rb:123:in `take_off'&#10;/Users/javiercastro/.rbenv/versions/2.7.4/lib/ruby/gems/2.7.0/gems/fastlane-2.209.1/bin/fastlane:23:in `&lt;top (required)&gt;'&#10;/Users/javiercastro/.rbenv/versions/2.7.4/bin/fastlane:23:in `load'&#10;/Users/javiercastro/.rbenv/versions/2.7.4/bin/fastlane:23:in `&lt;main&gt;'&#10;&#10;Exit status of command '/Users/javiercastro/git/iResucito/packages/native/android/gradlew assembleRelease -p .' was 1 instead of 0.&#10;WARNING: The specified Android SDK Build Tools version (28.0.3) is ignored, as it is below the minimum supported version (29.0.2) for Android Gradle Plugin 4.0.2.&#10;Android SDK Build Tools 29.0.2 will be used.&#10;To suppress this warning, remove &quot;buildToolsVersion '28.0.3'&quot; from your build.gradle file, as each version of the Android Gradle Plugin now has a default version of the build tools.&#10;&#10;FAILURE: Build failed with an exception.&#10;&#10;* What went wrong:&#10;Could not determine the dependencies of task ':app:lintVitalRelease'.&#10;&gt; Could not resolve all artifacts for configuration ':app:debugCompileClasspath'.&#10;   &gt; Failed to transform hermes-debug.aar to match attributes {artifactType=android-manifest}.&#10;      &gt; Execution failed for JetifyTransform: /Users/javiercastro/git/iResucito/packages/native/node_modules/hermes-engine/android/hermes-debug.aar.&#10;         &gt; Transform's input file does not exist: /Users/javiercastro/git/iResucito/packages/native/node_modules/hermes-engine/android/hermes-debug.aar. (See https://issuetracker.google.com/issues/158753935)&#10;&#10;* Try:&#10;Run with --stacktrace option to get the stack trace. Run with --info or --debug option to get more log output. Run with --scan to get full insights.&#10;&#10;* Get more help at https://help.gradle.org&#10;&#10;BUILD FAILED in 37s&#10;" />
        
      </testcase>
    
  </testsuite>
</testsuites>
